# JRE version: OpenJDK Runtime Environment (17.0.7) (build 17.0.7+0-b2043.56-10550314)
# Java VM: OpenJDK 64-Bit Server VM (17.0.7+0-b2043.56-10550314, mixed mode, tiered, compressed oops, compressed class ptrs, g1 gc, windows-amd64)
GC Precious Log:
 CPUs: 8 total, 8 available
 Memory: 11982M
 Large Page Support: Disabled
 NUMA Support: Disabled
 Compressed Oops: Enabled (32-bit)
 Heap Region Size: 1M
 Heap Min Capacity: 8M
 Heap Initial Capacity: 188M
 Heap Max Capacity: 2G
 Pre-touch: Disabled
 Parallel Workers: 8
 Concurrent Workers: 2
 Concurrent Refinement Workers: 8
 Periodic GC: Disabled
Heap:
 garbage-first heap   total 222208K, used 89747K [0x0000000080000000, 0x0000000100000000)
  region size 1024K, 28 young (28672K), 2 survivors (2048K)
 Metaspace       used 72206K, committed 72768K, reserved 1114112K
  class space    used 9677K, committed 9920K, reserved 1048576K
GC Heap History (20 events):
Event: 14.032 GC heap before
{Heap before GC invocations=34 (full 0):
 garbage-first heap   total 96256K, used 71585K [0x0000000080000000, 0x0000000100000000)
  region size 1024K, 20 young (20480K), 2 survivors (2048K)
 Metaspace       used 59625K, committed 60096K, reserved 1114112K
  class space    used 7936K, committed 8128K, reserved 1048576K
}
Event: 14.034 GC heap after
{Heap after GC invocations=35 (full 0):
 garbage-first heap   total 96256K, used 53494K [0x0000000080000000, 0x0000000100000000)
  region size 1024K, 2 young (2048K), 2 survivors (2048K)
 Metaspace       used 59625K, committed 60096K, reserved 1114112K
  class space    used 7936K, committed 8128K, reserved 1048576K
}
Event: 14.068 GC heap before
{Heap before GC invocations=35 (full 0):
 garbage-first heap   total 96256K, used 55542K [0x0000000080000000, 0x0000000100000000)
  region size 1024K, 4 young (4096K), 2 survivors (2048K)
 Metaspace       used 59879K, committed 60416K, reserved 1114112K
  class space    used 7964K, committed 8192K, reserved 1048576K
}
Event: 14.070 GC heap after
{Heap after GC invocations=36 (full 0):
 garbage-first heap   total 96256K, used 53166K [0x0000000080000000, 0x0000000100000000)
  region size 1024K, 1 young (1024K), 1 survivors (1024K)
 Metaspace       used 59879K, committed 60416K, reserved 1114112K
  class space    used 7964K, committed 8192K, reserved 1048576K
}
Event: 14.641 GC heap before
{Heap before GC invocations=36 (full 0):
 garbage-first heap   total 96256K, used 75694K [0x0000000080000000, 0x0000000100000000)
  region size 1024K, 23 young (23552K), 1 survivors (1024K)
 Metaspace       used 62997K, committed 63488K, reserved 1114112K
  class space    used 8414K, committed 8640K, reserved 1048576K
}
Event: 14.643 GC heap after
{Heap after GC invocations=37 (full 0):
 garbage-first heap   total 96256K, used 54244K [0x0000000080000000, 0x0000000100000000)
  region size 1024K, 2 young (2048K), 2 survivors (2048K)
 Metaspace       used 62997K, committed 63488K, reserved 1114112K
  class space    used 8414K, committed 8640K, reserved 1048576K
}
Event: 14.808 GC heap before
{Heap before GC invocations=38 (full 0):
 garbage-first heap   total 96256K, used 61412K [0x0000000080000000, 0x0000000100000000)
  region size 1024K, 10 young (10240K), 2 survivors (2048K)
 Metaspace       used 64541K, committed 65152K, reserved 1114112K
  class space    used 8591K, committed 8896K, reserved 1048576K
}
Event: 14.811 GC heap after
{Heap after GC invocations=39 (full 0):
 garbage-first heap   total 96256K, used 55634K [0x0000000080000000, 0x0000000100000000)
  region size 1024K, 3 young (3072K), 3 survivors (3072K)
 Metaspace       used 64541K, committed 65152K, reserved 1114112K
  class space    used 8591K, committed 8896K, reserved 1048576K
}
Event: 14.891 GC heap before
{Heap before GC invocations=40 (full 0):
 garbage-first heap   total 104448K, used 66898K [0x0000000080000000, 0x0000000100000000)
  region size 1024K, 12 young (12288K), 3 survivors (3072K)
 Metaspace       used 64547K, committed 65152K, reserved 1114112K
  class space    used 8591K, committed 8896K, reserved 1048576K
}
Event: 14.896 GC heap after
{Heap after GC invocations=41 (full 0):
 garbage-first heap   total 104448K, used 61458K [0x0000000080000000, 0x0000000100000000)
  region size 1024K, 3 young (3072K), 3 survivors (3072K)
 Metaspace       used 64547K, committed 65152K, reserved 1114112K
  class space    used 8591K, committed 8896K, reserved 1048576K
}
Event: 15.235 GC heap before
{Heap before GC invocations=42 (full 0):
 garbage-first heap   total 114688K, used 80914K [0x0000000080000000, 0x0000000100000000)
  region size 1024K, 20 young (20480K), 3 survivors (3072K)
 Metaspace       used 65779K, committed 66368K, reserved 1114112K
  class space    used 8756K, committed 9024K, reserved 1048576K
}
Event: 15.239 GC heap after
{Heap after GC invocations=43 (full 0):
 garbage-first heap   total 114688K, used 60576K [0x0000000080000000, 0x0000000100000000)
  region size 1024K, 3 young (3072K), 3 survivors (3072K)
 Metaspace       used 65779K, committed 66368K, reserved 1114112K
  class space    used 8756K, committed 9024K, reserved 1048576K
}
Event: 15.678 GC heap before
{Heap before GC invocations=43 (full 0):
 garbage-first heap   total 114688K, used 85152K [0x0000000080000000, 0x0000000100000000)
  region size 1024K, 27 young (27648K), 3 survivors (3072K)
 Metaspace       used 67620K, committed 68160K, reserved 1114112K
  class space    used 9010K, committed 9280K, reserved 1048576K
}
Event: 15.680 GC heap after
{Heap after GC invocations=44 (full 0):
 garbage-first heap   total 114688K, used 61513K [0x0000000080000000, 0x0000000100000000)
  region size 1024K, 4 young (4096K), 4 survivors (4096K)
 Metaspace       used 67620K, committed 68160K, reserved 1114112K
  class space    used 9010K, committed 9280K, reserved 1048576K
}
Event: 15.961 GC heap before
{Heap before GC invocations=45 (full 0):
 garbage-first heap   total 114688K, used 85065K [0x0000000080000000, 0x0000000100000000)
  region size 1024K, 29 young (29696K), 4 survivors (4096K)
 Metaspace       used 68911K, committed 69504K, reserved 1114112K
  class space    used 9192K, committed 9472K, reserved 1048576K
}
Event: 15.963 GC heap after
{Heap after GC invocations=46 (full 0):
 garbage-first heap   total 114688K, used 62308K [0x0000000080000000, 0x0000000100000000)
  region size 1024K, 4 young (4096K), 4 survivors (4096K)
 Metaspace       used 68911K, committed 69504K, reserved 1114112K
  class space    used 9192K, committed 9472K, reserved 1048576K
}
Event: 15.968 GC heap before
{Heap before GC invocations=46 (full 0):
 garbage-first heap   total 114688K, used 63332K [0x0000000080000000, 0x0000000100000000)
  region size 1024K, 5 young (5120K), 4 survivors (4096K)
 Metaspace       used 68911K, committed 69504K, reserved 1114112K
  class space    used 9192K, committed 9472K, reserved 1048576K
}
Event: 15.970 GC heap after
{Heap after GC invocations=47 (full 0):
 garbage-first heap   total 114688K, used 61860K [0x0000000080000000, 0x0000000100000000)
  region size 1024K, 1 young (1024K), 1 survivors (1024K)
 Metaspace       used 68911K, committed 69504K, reserved 1114112K
  class space    used 9192K, committed 9472K, reserved 1048576K
}
Event: 16.344 GC heap before
{Heap before GC invocations=47 (full 0):
 garbage-first heap   total 114688K, used 88484K [0x0000000080000000, 0x0000000100000000)
  region size 1024K, 27 young (27648K), 1 survivors (1024K)
 Metaspace       used 70346K, committed 70912K, reserved 1114112K
  class space    used 9393K, committed 9664K, reserved 1048576K
}
Event: 16.645 GC heap after
{Heap after GC invocations=48 (full 0):
 garbage-first heap   total 224256K, used 63123K [0x0000000080000000, 0x0000000100000000)
  region size 1024K, 2 young (2048K), 2 survivors (2048K)
 Metaspace       used 70346K, committed 70912K, reserved 1114112K
  class space    used 9393K, committed 9664K, reserved 1048576K
}

