# JRE version: OpenJDK Runtime Environment (17.0.7) (build 17.0.7+0-b2043.56-10550314)
# Java VM: OpenJDK 64-Bit Server VM (17.0.7+0-b2043.56-10550314, mixed mode, tiered, compressed oops, compressed class ptrs, g1 gc, windows-amd64)
GC Precious Log:
 CPUs: 8 total, 8 available
 Memory: 11982M
 Large Page Support: Disabled
 NUMA Support: Disabled
 Compressed Oops: Enabled (32-bit)
 Heap Region Size: 1M
 Heap Min Capacity: 8M
 Heap Initial Capacity: 188M
 Heap Max Capacity: 2G
 Pre-touch: Disabled
 Parallel Workers: 8
 Concurrent Workers: 2
 Concurrent Refinement Workers: 8
 Periodic GC: Disabled
Heap:
 garbage-first heap   total 195584K, used 135001K [0x0000000080000000, 0x0000000100000000)
  region size 1024K, 16 young (16384K), 6 survivors (6144K)
 Metaspace       used 100833K, committed 101504K, reserved 1179648K
  class space    used 13857K, committed 14144K, reserved 1048576K
GC Heap History (20 events):
Event: 17.018 GC heap before
{Heap before GC invocations=55 (full 0):
 garbage-first heap   total 152576K, used 90837K [0x0000000080000000, 0x0000000100000000)
  region size 1024K, 7 young (7168K), 4 survivors (4096K)
 Metaspace       used 87725K, committed 88448K, reserved 1179648K
  class space    used 12130K, committed 12480K, reserved 1048576K
}
Event: 17.021 GC heap after
{Heap after GC invocations=56 (full 0):
 garbage-first heap   total 152576K, used 89123K [0x0000000080000000, 0x0000000100000000)
  region size 1024K, 1 young (1024K), 1 survivors (1024K)
 Metaspace       used 87725K, committed 88448K, reserved 1179648K
  class space    used 12130K, committed 12480K, reserved 1048576K
}
Event: 17.438 GC heap before
{Heap before GC invocations=56 (full 0):
 garbage-first heap   total 152576K, used 124963K [0x0000000080000000, 0x0000000100000000)
  region size 1024K, 37 young (37888K), 1 survivors (1024K)
 Metaspace       used 88207K, committed 88896K, reserved 1179648K
  class space    used 12159K, committed 12480K, reserved 1048576K
}
Event: 17.441 GC heap after
{Heap after GC invocations=57 (full 0):
 garbage-first heap   total 152576K, used 91478K [0x0000000080000000, 0x0000000100000000)
  region size 1024K, 3 young (3072K), 3 survivors (3072K)
 Metaspace       used 88207K, committed 88896K, reserved 1179648K
  class space    used 12159K, committed 12480K, reserved 1048576K
}
Event: 17.976 GC heap before
{Heap before GC invocations=58 (full 0):
 garbage-first heap   total 162816K, used 130390K [0x0000000080000000, 0x0000000100000000)
  region size 1024K, 37 young (37888K), 3 survivors (3072K)
 Metaspace       used 90333K, committed 91008K, reserved 1179648K
  class space    used 12388K, committed 12736K, reserved 1048576K
}
Event: 17.980 GC heap after
{Heap after GC invocations=59 (full 0):
 garbage-first heap   total 162816K, used 93133K [0x0000000080000000, 0x0000000100000000)
  region size 1024K, 3 young (3072K), 3 survivors (3072K)
 Metaspace       used 90333K, committed 91008K, reserved 1179648K
  class space    used 12388K, committed 12736K, reserved 1048576K
}
Event: 18.052 GC heap before
{Heap before GC invocations=59 (full 0):
 garbage-first heap   total 162816K, used 96205K [0x0000000080000000, 0x0000000100000000)
  region size 1024K, 7 young (7168K), 3 survivors (3072K)
 Metaspace       used 90867K, committed 91520K, reserved 1179648K
  class space    used 12468K, committed 12800K, reserved 1048576K
}
Event: 18.055 GC heap after
{Heap after GC invocations=60 (full 0):
 garbage-first heap   total 162816K, used 92657K [0x0000000080000000, 0x0000000100000000)
  region size 1024K, 1 young (1024K), 1 survivors (1024K)
 Metaspace       used 90867K, committed 91520K, reserved 1179648K
  class space    used 12468K, committed 12800K, reserved 1048576K
}
Event: 18.780 GC heap before
{Heap before GC invocations=60 (full 0):
 garbage-first heap   total 162816K, used 133617K [0x0000000080000000, 0x0000000100000000)
  region size 1024K, 42 young (43008K), 1 survivors (1024K)
 Metaspace       used 94114K, committed 94848K, reserved 1179648K
  class space    used 12894K, committed 13248K, reserved 1048576K
}
Event: 18.787 GC heap after
{Heap after GC invocations=61 (full 0):
 garbage-first heap   total 195584K, used 96413K [0x0000000080000000, 0x0000000100000000)
  region size 1024K, 4 young (4096K), 4 survivors (4096K)
 Metaspace       used 94114K, committed 94848K, reserved 1179648K
  class space    used 12894K, committed 13248K, reserved 1048576K
}
Event: 19.646 GC heap before
{Heap before GC invocations=62 (full 0):
 garbage-first heap   total 195584K, used 157853K [0x0000000080000000, 0x0000000100000000)
  region size 1024K, 65 young (66560K), 4 survivors (4096K)
 Metaspace       used 96047K, committed 96768K, reserved 1179648K
  class space    used 13157K, committed 13504K, reserved 1048576K
}
Event: 19.652 GC heap after
{Heap after GC invocations=63 (full 0):
 garbage-first heap   total 195584K, used 102948K [0x0000000080000000, 0x0000000100000000)
  region size 1024K, 9 young (9216K), 9 survivors (9216K)
 Metaspace       used 96047K, committed 96768K, reserved 1179648K
  class space    used 13157K, committed 13504K, reserved 1048576K
}
Event: 19.655 GC heap before
{Heap before GC invocations=63 (full 0):
 garbage-first heap   total 195584K, used 103972K [0x0000000080000000, 0x0000000100000000)
  region size 1024K, 10 young (10240K), 9 survivors (9216K)
 Metaspace       used 96055K, committed 96768K, reserved 1179648K
  class space    used 13159K, committed 13504K, reserved 1048576K
}
Event: 19.659 GC heap after
{Heap after GC invocations=64 (full 0):
 garbage-first heap   total 195584K, used 103783K [0x0000000080000000, 0x0000000100000000)
  region size 1024K, 2 young (2048K), 2 survivors (2048K)
 Metaspace       used 96055K, committed 96768K, reserved 1179648K
  class space    used 13159K, committed 13504K, reserved 1048576K
}
Event: 19.873 GC heap before
{Heap before GC invocations=64 (full 0):
 garbage-first heap   total 195584K, used 157031K [0x0000000080000000, 0x0000000100000000)
  region size 1024K, 55 young (56320K), 2 survivors (2048K)
 Metaspace       used 97147K, committed 97856K, reserved 1179648K
  class space    used 13316K, committed 13632K, reserved 1048576K
}
Event: 19.876 GC heap after
{Heap after GC invocations=65 (full 0):
 garbage-first heap   total 195584K, used 111760K [0x0000000080000000, 0x0000000100000000)
  region size 1024K, 7 young (7168K), 7 survivors (7168K)
 Metaspace       used 97147K, committed 97856K, reserved 1179648K
  class space    used 13316K, committed 13632K, reserved 1048576K
}
Event: 20.358 GC heap before
{Heap before GC invocations=65 (full 0):
 garbage-first heap   total 195584K, used 156816K [0x0000000080000000, 0x0000000100000000)
  region size 1024K, 52 young (53248K), 7 survivors (7168K)
 Metaspace       used 100336K, committed 101056K, reserved 1179648K
  class space    used 13809K, committed 14144K, reserved 1048576K
}
Event: 20.373 GC heap after
{Heap after GC invocations=66 (full 0):
 garbage-first heap   total 195584K, used 117960K [0x0000000080000000, 0x0000000100000000)
  region size 1024K, 6 young (6144K), 6 survivors (6144K)
 Metaspace       used 100336K, committed 101056K, reserved 1179648K
  class space    used 13809K, committed 14144K, reserved 1048576K
}
Event: 20.530 GC heap before
{Heap before GC invocations=66 (full 0):
 garbage-first heap   total 195584K, used 157896K [0x0000000080000000, 0x0000000100000000)
  region size 1024K, 46 young (47104K), 6 survivors (6144K)
 Metaspace       used 100731K, committed 101440K, reserved 1179648K
  class space    used 13846K, committed 14144K, reserved 1048576K
}
Event: 20.542 GC heap after
{Heap after GC invocations=67 (full 0):
 garbage-first heap   total 195584K, used 125785K [0x0000000080000000, 0x0000000100000000)
  region size 1024K, 6 young (6144K), 6 survivors (6144K)
 Metaspace       used 100731K, committed 101440K, reserved 1179648K
  class space    used 13846K, committed 14144K, reserved 1048576K
}

